{"/project/sandbox/user-workspace/src/lib/privacy-warfare/backgroundAgentEmulator.ts": {"path":"/project/sandbox/user-workspace/src/lib/privacy-warfare/backgroundAgentEmulator.ts","statementMap":{"0":{"start":{"line":7,"column":0},"end":{"line":7,"column":34}},"1":{"start":{"line":28,"column":4},"end":{"line":28,"column":12}},"2":{"start":{"line":22,"column":10},"end":{"line":22,"column":32}},"3":{"start":{"line":23,"column":10},"end":{"line":23,"column":47}},"4":{"start":{"line":24,"column":10},"end":{"line":24,"column":35}},"5":{"start":{"line":25,"column":10},"end":{"line":25,"column":47}},"6":{"start":{"line":32,"column":4},"end":{"line":32,"column":24}},"7":{"start":{"line":33,"column":4},"end":{"line":33,"column":35}},"8":{"start":{"line":34,"column":4},"end":{"line":34,"column":34}},"9":{"start":{"line":35,"column":4},"end":{"line":35,"column":36}},"10":{"start":{"line":39,"column":4},"end":{"line":39,"column":25}},"11":{"start":{"line":40,"column":4},"end":{"line":40,"column":35}},"12":{"start":{"line":41,"column":4},"end":{"line":41,"column":23}},"13":{"start":{"line":45,"column":28},"end":{"line":45,"column":69}},"14":{"start":{"line":46,"column":4},"end":{"line":46,"column":26}},"15":{"start":{"line":47,"column":4},"end":{"line":47,"column":28}},"16":{"start":{"line":51,"column":4},"end":{"line":51,"column":21}},"17":{"start":{"line":55,"column":4},"end":{"line":55,"column":30}},"18":{"start":{"line":55,"column":23},"end":{"line":55,"column":30}},"19":{"start":{"line":58,"column":4},"end":{"line":63,"column":10}},"20":{"start":{"line":59,"column":6},"end":{"line":59,"column":48}},"21":{"start":{"line":61,"column":6},"end":{"line":61,"column":56}},"22":{"start":{"line":61,"column":33},"end":{"line":61,"column":54}},"23":{"start":{"line":62,"column":6},"end":{"line":62,"column":50}},"24":{"start":{"line":66,"column":4},"end":{"line":66,"column":67}},"25":{"start":{"line":66,"column":21},"end":{"line":66,"column":50}},"26":{"start":{"line":70,"column":4},"end":{"line":70,"column":30}},"27":{"start":{"line":70,"column":23},"end":{"line":70,"column":30}},"28":{"start":{"line":72,"column":23},"end":{"line":72,"column":49}},"29":{"start":{"line":73,"column":4},"end":{"line":73,"column":29}},"30":{"start":{"line":75,"column":4},"end":{"line":89,"column":9}},"31":{"start":{"line":77,"column":8},"end":{"line":77,"column":46}},"32":{"start":{"line":78,"column":8},"end":{"line":78,"column":30}},"33":{"start":{"line":81,"column":8},"end":{"line":81,"column":66}},"34":{"start":{"line":82,"column":8},"end":{"line":88,"column":9}},"35":{"start":{"line":83,"column":10},"end":{"line":83,"column":74}},"36":{"start":{"line":84,"column":10},"end":{"line":84,"column":56}},"37":{"start":{"line":86,"column":10},"end":{"line":86,"column":85}},"38":{"start":{"line":87,"column":10},"end":{"line":87,"column":32}},"39":{"start":{"line":93,"column":4},"end":{"line":93,"column":30}},"40":{"start":{"line":93,"column":23},"end":{"line":93,"column":30}},"41":{"start":{"line":96,"column":4},"end":{"line":111,"column":18}},"42":{"start":{"line":97,"column":6},"end":{"line":97,"column":32}},"43":{"start":{"line":97,"column":25},"end":{"line":97,"column":32}},"44":{"start":{"line":99,"column":6},"end":{"line":99,"column":38}},"45":{"start":{"line":100,"column":30},"end":{"line":100,"column":49}},"46":{"start":{"line":101,"column":6},"end":{"line":107,"column":7}},"47":{"start":{"line":102,"column":8},"end":{"line":102,"column":88}},"48":{"start":{"line":104,"column":8},"end":{"line":104,"column":87}},"49":{"start":{"line":106,"column":8},"end":{"line":106,"column":95}},"50":{"start":{"line":110,"column":6},"end":{"line":110,"column":38}},"51":{"start":{"line":21,"column":0},"end":{"line":21,"column":13}}},"fnMap":{"0":{"name":"(anonymous_1)","decl":{"start":{"line":27,"column":2},"end":{"line":27,"column":null}},"loc":{"start":{"line":27,"column":2},"end":{"line":29,"column":3}}},"1":{"name":"(anonymous_2)","decl":{"start":{"line":31,"column":2},"end":{"line":31,"column":7}},"loc":{"start":{"line":31,"column":7},"end":{"line":36,"column":3}}},"2":{"name":"(anonymous_3)","decl":{"start":{"line":38,"column":2},"end":{"line":38,"column":6}},"loc":{"start":{"line":38,"column":6},"end":{"line":42,"column":3}}},"3":{"name":"(anonymous_4)","decl":{"start":{"line":44,"column":10},"end":{"line":44,"column":18}},"loc":{"start":{"line":44,"column":47},"end":{"line":48,"column":3}}},"4":{"name":"(anonymous_5)","decl":{"start":{"line":50,"column":2},"end":{"line":50,"column":9}},"loc":{"start":{"line":50,"column":9},"end":{"line":52,"column":3}}},"5":{"name":"(anonymous_6)","decl":{"start":{"line":54,"column":10},"end":{"line":54,"column":32}},"loc":{"start":{"line":54,"column":32},"end":{"line":67,"column":3}}},"6":{"name":"(anonymous_7)","decl":{"start":{"line":58,"column":41},"end":{"line":58,"column":46}},"loc":{"start":{"line":58,"column":52},"end":{"line":63,"column":5}}},"7":{"name":"(anonymous_8)","decl":{"start":{"line":61,"column":24},"end":{"line":61,"column":25}},"loc":{"start":{"line":61,"column":33},"end":{"line":61,"column":54}}},"8":{"name":"(anonymous_9)","decl":{"start":{"line":66,"column":15},"end":{"line":66,"column":18}},"loc":{"start":{"line":66,"column":21},"end":{"line":66,"column":50}}},"9":{"name":"(anonymous_10)","decl":{"start":{"line":69,"column":10},"end":{"line":69,"column":22}},"loc":{"start":{"line":69,"column":82},"end":{"line":90,"column":3}}},"10":{"name":"(anonymous_11)","decl":{"start":{"line":76,"column":12},"end":{"line":76,"column":15}},"loc":{"start":{"line":76,"column":17},"end":{"line":79,"column":7}}},"11":{"name":"(anonymous_12)","decl":{"start":{"line":80,"column":13},"end":{"line":80,"column":14}},"loc":{"start":{"line":80,"column":23},"end":{"line":89,"column":7}}},"12":{"name":"(anonymous_13)","decl":{"start":{"line":92,"column":10},"end":{"line":92,"column":34}},"loc":{"start":{"line":92,"column":34},"end":{"line":112,"column":3}}},"13":{"name":"(anonymous_14)","decl":{"start":{"line":96,"column":15},"end":{"line":96,"column":18}},"loc":{"start":{"line":96,"column":20},"end":{"line":111,"column":5}}}},"branchMap":{"0":{"loc":{"start":{"line":55,"column":4},"end":{"line":55,"column":30}},"type":"if","locations":[{"start":{"line":55,"column":4},"end":{"line":55,"column":30}}]},"1":{"loc":{"start":{"line":70,"column":4},"end":{"line":70,"column":30}},"type":"if","locations":[{"start":{"line":70,"column":4},"end":{"line":70,"column":30}}]},"2":{"loc":{"start":{"line":82,"column":8},"end":{"line":88,"column":9}},"type":"if","locations":[{"start":{"line":82,"column":8},"end":{"line":88,"column":9}},{"start":{"line":85,"column":15},"end":{"line":88,"column":9}}]},"3":{"loc":{"start":{"line":93,"column":4},"end":{"line":93,"column":30}},"type":"if","locations":[{"start":{"line":93,"column":4},"end":{"line":93,"column":30}}]},"4":{"loc":{"start":{"line":97,"column":6},"end":{"line":97,"column":32}},"type":"if","locations":[{"start":{"line":97,"column":6},"end":{"line":97,"column":32}}]},"5":{"loc":{"start":{"line":101,"column":6},"end":{"line":107,"column":7}},"type":"if","locations":[{"start":{"line":101,"column":6},"end":{"line":107,"column":7}},{"start":{"line":105,"column":13},"end":{"line":107,"column":7}}]}},"s":{"0":1,"1":3,"2":3,"3":3,"4":3,"5":3,"6":3,"7":3,"8":3,"9":3,"10":5,"11":5,"12":5,"13":20,"14":20,"15":20,"16":3,"17":3,"18":0,"19":3,"20":3,"21":3,"22":3,"23":3,"24":3,"25":0,"26":3,"27":0,"28":3,"29":3,"30":3,"31":3,"32":3,"33":0,"34":0,"35":0,"36":0,"37":0,"38":0,"39":6,"40":0,"41":6,"42":4,"43":1,"44":3,"45":3,"46":3,"47":0,"48":0,"49":3,"50":3,"51":1},"f":{"0":3,"1":3,"2":5,"3":20,"4":3,"5":3,"6":3,"7":3,"8":0,"9":3,"10":3,"11":0,"12":6,"13":4},"b":{"0":[0],"1":[0],"2":[0,0],"3":[0],"4":[1],"5":[0,3]}}
}
