TN:
SF:src/lib/privacy-warfare/backgroundAgentEmulator.ts
FN:27,(anonymous_1)
FN:31,(anonymous_2)
FN:38,(anonymous_3)
FN:44,(anonymous_4)
FN:50,(anonymous_5)
FN:54,(anonymous_6)
FN:58,(anonymous_7)
FN:61,(anonymous_8)
FN:66,(anonymous_9)
FN:69,(anonymous_10)
FN:76,(anonymous_11)
FN:80,(anonymous_12)
FN:92,(anonymous_13)
FN:96,(anonymous_14)
FNF:14
FNH:12
FNDA:3,(anonymous_1)
FNDA:3,(anonymous_2)
FNDA:5,(anonymous_3)
FNDA:20,(anonymous_4)
FNDA:3,(anonymous_5)
FNDA:3,(anonymous_6)
FNDA:3,(anonymous_7)
FNDA:3,(anonymous_8)
FNDA:0,(anonymous_9)
FNDA:3,(anonymous_10)
FNDA:3,(anonymous_11)
FNDA:0,(anonymous_12)
FNDA:6,(anonymous_13)
FNDA:4,(anonymous_14)
DA:7,1
DA:21,1
DA:22,3
DA:23,3
DA:24,3
DA:25,3
DA:28,3
DA:32,3
DA:33,3
DA:34,3
DA:35,3
DA:39,5
DA:40,5
DA:41,5
DA:45,20
DA:46,20
DA:47,20
DA:51,3
DA:55,3
DA:58,3
DA:59,3
DA:61,3
DA:62,3
DA:66,3
DA:70,3
DA:72,3
DA:73,3
DA:75,3
DA:77,3
DA:78,3
DA:81,0
DA:82,0
DA:83,0
DA:84,0
DA:86,0
DA:87,0
DA:93,6
DA:96,6
DA:97,4
DA:99,3
DA:100,3
DA:101,3
DA:102,0
DA:104,0
DA:106,3
DA:110,3
LF:46
LH:38
BRDA:55,0,0,0
BRDA:70,1,0,0
BRDA:82,2,0,0
BRDA:82,2,1,0
BRDA:93,3,0,0
BRDA:97,4,0,1
BRDA:101,5,0,0
BRDA:101,5,1,3
BRF:8
BRH:2
end_of_record
